C:\USERS\DAK\DOCUMENTS\VISUAL STUDIO 2010\PROJECTS\TEMPLATED\DEBUG\TEMPLATED.EXE
C:\USERS\DAK\DOCUMENTS\VISUAL STUDIO 2010\PROJECTS\TEMPLATED\DEBUG\TEMPLATED.ILK
C:\USERS\DAK\DOCUMENTS\VISUAL STUDIO 2010\PROJECTS\TEMPLATED\DEBUG\TEMPLATED.PDB
c:\Users\Dak\documents\visual studio 2010\Projects\Templated\Templated\Debug\cl.command.1.tlog
c:\Users\Dak\documents\visual studio 2010\Projects\Templated\Templated\Debug\CL.read.1.tlog
c:\Users\Dak\documents\visual studio 2010\Projects\Templated\Templated\Debug\CL.write.1.tlog
c:\Users\Dak\documents\visual studio 2010\Projects\Templated\Templated\Debug\link.2376.read.1.tlog
c:\Users\Dak\documents\visual studio 2010\Projects\Templated\Templated\Debug\link.2376.write.1.tlog
c:\Users\Dak\documents\visual studio 2010\Projects\Templated\Templated\Debug\link.2376-cvtres.read.1.tlog
c:\Users\Dak\documents\visual studio 2010\Projects\Templated\Templated\Debug\link.2376-cvtres.write.1.tlog
c:\Users\Dak\documents\visual studio 2010\Projects\Templated\Templated\Debug\link.2512.read.1.tlog
c:\Users\Dak\documents\visual studio 2010\Projects\Templated\Templated\Debug\link.2512.write.1.tlog
c:\Users\Dak\documents\visual studio 2010\Projects\Templated\Templated\Debug\link.2512-cvtres.read.1.tlog
c:\Users\Dak\documents\visual studio 2010\Projects\Templated\Templated\Debug\link.2512-cvtres.write.1.tlog
c:\Users\Dak\documents\visual studio 2010\Projects\Templated\Templated\Debug\link.2840.read.1.tlog
c:\Users\Dak\documents\visual studio 2010\Projects\Templated\Templated\Debug\link.2840.write.1.tlog
c:\Users\Dak\documents\visual studio 2010\Projects\Templated\Templated\Debug\link.2840-cvtres.read.1.tlog
c:\Users\Dak\documents\visual studio 2010\Projects\Templated\Templated\Debug\link.2840-cvtres.write.1.tlog
c:\Users\Dak\documents\visual studio 2010\Projects\Templated\Templated\Debug\link.2876.read.1.tlog
c:\Users\Dak\documents\visual studio 2010\Projects\Templated\Templated\Debug\link.2876.write.1.tlog
c:\Users\Dak\documents\visual studio 2010\Projects\Templated\Templated\Debug\link.2876-cvtres.read.1.tlog
c:\Users\Dak\documents\visual studio 2010\Projects\Templated\Templated\Debug\link.2876-cvtres.write.1.tlog
c:\Users\Dak\documents\visual studio 2010\Projects\Templated\Templated\Debug\link.3404.read.1.tlog
c:\Users\Dak\documents\visual studio 2010\Projects\Templated\Templated\Debug\link.3404.write.1.tlog
c:\Users\Dak\documents\visual studio 2010\Projects\Templated\Templated\Debug\link.3404-cvtres.read.1.tlog
c:\Users\Dak\documents\visual studio 2010\Projects\Templated\Templated\Debug\link.3404-cvtres.write.1.tlog
c:\Users\Dak\documents\visual studio 2010\Projects\Templated\Templated\Debug\link.5208.read.1.tlog
c:\Users\Dak\documents\visual studio 2010\Projects\Templated\Templated\Debug\link.5208.write.1.tlog
c:\Users\Dak\documents\visual studio 2010\Projects\Templated\Templated\Debug\link.5208-cvtres.read.1.tlog
c:\Users\Dak\documents\visual studio 2010\Projects\Templated\Templated\Debug\link.5208-cvtres.write.1.tlog
c:\Users\Dak\documents\visual studio 2010\Projects\Templated\Templated\Debug\link.5408.read.1.tlog
c:\Users\Dak\documents\visual studio 2010\Projects\Templated\Templated\Debug\link.5408.write.1.tlog
c:\Users\Dak\documents\visual studio 2010\Projects\Templated\Templated\Debug\link.5408-cvtres.read.1.tlog
c:\Users\Dak\documents\visual studio 2010\Projects\Templated\Templated\Debug\link.5408-cvtres.write.1.tlog
c:\Users\Dak\documents\visual studio 2010\Projects\Templated\Templated\Debug\link.5548.read.1.tlog
c:\Users\Dak\documents\visual studio 2010\Projects\Templated\Templated\Debug\link.5548.write.1.tlog
c:\Users\Dak\documents\visual studio 2010\Projects\Templated\Templated\Debug\link.5548-cvtres.read.1.tlog
c:\Users\Dak\documents\visual studio 2010\Projects\Templated\Templated\Debug\link.5548-cvtres.write.1.tlog
c:\Users\Dak\documents\visual studio 2010\Projects\Templated\Templated\Debug\link.7080.read.1.tlog
c:\Users\Dak\documents\visual studio 2010\Projects\Templated\Templated\Debug\link.7080.write.1.tlog
c:\Users\Dak\documents\visual studio 2010\Projects\Templated\Templated\Debug\link.7080-cvtres.read.1.tlog
c:\Users\Dak\documents\visual studio 2010\Projects\Templated\Templated\Debug\link.7080-cvtres.write.1.tlog
c:\Users\Dak\documents\visual studio 2010\Projects\Templated\Templated\Debug\link.8128.read.1.tlog
c:\Users\Dak\documents\visual studio 2010\Projects\Templated\Templated\Debug\link.8128.write.1.tlog
c:\Users\Dak\documents\visual studio 2010\Projects\Templated\Templated\Debug\link.8128-cvtres.read.1.tlog
c:\Users\Dak\documents\visual studio 2010\Projects\Templated\Templated\Debug\link.8128-cvtres.write.1.tlog
c:\Users\Dak\documents\visual studio 2010\Projects\Templated\Templated\Debug\link.8396.read.1.tlog
c:\Users\Dak\documents\visual studio 2010\Projects\Templated\Templated\Debug\link.8396.write.1.tlog
c:\Users\Dak\documents\visual studio 2010\Projects\Templated\Templated\Debug\link.8396-cvtres.read.1.tlog
c:\Users\Dak\documents\visual studio 2010\Projects\Templated\Templated\Debug\link.8396-cvtres.write.1.tlog
c:\Users\Dak\documents\visual studio 2010\Projects\Templated\Templated\Debug\link.command.1.tlog
c:\Users\Dak\documents\visual studio 2010\Projects\Templated\Templated\Debug\link.read.1.tlog
c:\Users\Dak\documents\visual studio 2010\Projects\Templated\Templated\Debug\link.write.1.tlog
c:\Users\Dak\documents\visual studio 2010\Projects\Templated\Templated\Debug\link-cvtres.read.1.tlog
c:\Users\Dak\documents\visual studio 2010\Projects\Templated\Templated\Debug\link-cvtres.write.1.tlog
c:\Users\Dak\documents\visual studio 2010\Projects\Templated\Templated\Debug\mt.command.1.tlog
c:\Users\Dak\documents\visual studio 2010\Projects\Templated\Templated\Debug\mt.read.1.tlog
c:\Users\Dak\documents\visual studio 2010\Projects\Templated\Templated\Debug\mt.write.1.tlog
c:\Users\Dak\documents\visual studio 2010\Projects\Templated\Templated\Debug\rc.command.1.tlog
c:\Users\Dak\documents\visual studio 2010\Projects\Templated\Templated\Debug\rc.read.1.tlog
c:\Users\Dak\documents\visual studio 2010\Projects\Templated\Templated\Debug\rc.write.1.tlog
C:\USERS\DAK\DOCUMENTS\VISUAL STUDIO 2010\PROJECTS\TEMPLATED\TEMPLATED\DEBUG\STDAFX.OBJ
C:\USERS\DAK\DOCUMENTS\VISUAL STUDIO 2010\PROJECTS\TEMPLATED\TEMPLATED\DEBUG\STUDENT.OBJ
C:\USERS\DAK\DOCUMENTS\VISUAL STUDIO 2010\PROJECTS\TEMPLATED\TEMPLATED\DEBUG\TEMPLATED.EXE.EMBED.MANIFEST
C:\USERS\DAK\DOCUMENTS\VISUAL STUDIO 2010\PROJECTS\TEMPLATED\TEMPLATED\DEBUG\TEMPLATED.EXE.EMBED.MANIFEST.RES
C:\USERS\DAK\DOCUMENTS\VISUAL STUDIO 2010\PROJECTS\TEMPLATED\TEMPLATED\DEBUG\TEMPLATED.EXE.INTERMEDIATE.MANIFEST
C:\USERS\DAK\DOCUMENTS\VISUAL STUDIO 2010\PROJECTS\TEMPLATED\TEMPLATED\DEBUG\TEMPLATED.OBJ
C:\USERS\DAK\DOCUMENTS\VISUAL STUDIO 2010\PROJECTS\TEMPLATED\TEMPLATED\DEBUG\TEMPLATED.PCH
c:\Users\Dak\documents\visual studio 2010\Projects\Templated\Templated\Debug\Templated_manifest.rc
c:\Users\Dak\documents\visual studio 2010\Projects\Templated\Templated\Debug\vc100.idb
C:\USERS\DAK\DOCUMENTS\VISUAL STUDIO 2010\PROJECTS\TEMPLATED\TEMPLATED\DEBUG\VC100.PDB
